<?xml version="1.0" encoding="UTF-8"?>
<testsuite xmlns:xsi="http://www.w3.org/2001/XMLSchema-instance" xsi:noNamespaceSchemaLocation="https://maven.apache.org/surefire/maven-surefire-plugin/xsd/surefire-test-report-3.0.xsd" version="3.0" name="TestSuite" time="1.301" tests="2" errors="0" skipped="0" failures="2">
  <properties>
    <property name="sun.desktop" value="windows"/>
    <property name="awt.toolkit" value="sun.awt.windows.WToolkit"/>
    <property name="file.encoding.pkg" value="sun.io"/>
    <property name="java.specification.version" value="1.8"/>
    <property name="sun.cpu.isalist" value="amd64"/>
    <property name="sun.jnu.encoding" value="GBK"/>
    <property name="java.class.path" value="E:\test (1)\APITEST\target\test-classes;E:\test (1)\APITEST\target\classes;C:\Users\qiujingping\.m2\repository\com\squareup\okhttp3\okhttp\3.10.0\okhttp-3.10.0.jar;C:\Users\qiujingping\.m2\repository\com\squareup\okio\okio\1.14.0\okio-1.14.0.jar;C:\Users\qiujingping\.m2\repository\org\json\json\20180813\json-20180813.jar;C:\Users\qiujingping\.m2\repository\com\jayway\jsonpath\json-path\2.4.0\json-path-2.4.0.jar;C:\Users\qiujingping\.m2\repository\net\minidev\json-smart\2.3\json-smart-2.3.jar;C:\Users\qiujingping\.m2\repository\net\minidev\accessors-smart\1.2\accessors-smart-1.2.jar;C:\Users\qiujingping\.m2\repository\org\ow2\asm\asm\5.0.4\asm-5.0.4.jar;C:\Users\qiujingping\.m2\repository\org\slf4j\slf4j-api\1.7.25\slf4j-api-1.7.25.jar;C:\Users\qiujingping\.m2\repository\org\testng\testng\6.8\testng-6.8.jar;C:\Users\qiujingping\.m2\repository\junit\junit\4.10\junit-4.10.jar;C:\Users\qiujingping\.m2\repository\org\hamcrest\hamcrest-core\1.1\hamcrest-core-1.1.jar;C:\Users\qiujingping\.m2\repository\org\beanshell\bsh\2.0b4\bsh-2.0b4.jar;C:\Users\qiujingping\.m2\repository\com\beust\jcommander\1.27\jcommander-1.27.jar;C:\Users\qiujingping\.m2\repository\org\yaml\snakeyaml\1.6\snakeyaml-1.6.jar;C:\Users\qiujingping\.m2\repository\org\mybatis\mybatis\3.4.4\mybatis-3.4.4.jar;C:\Users\qiujingping\.m2\repository\mysql\mysql-connector-java\6.0.5\mysql-connector-java-6.0.5.jar;C:\Users\qiujingping\.m2\repository\org\projectlombok\lombok\1.16.16\lombok-1.16.16.jar;C:\Users\qiujingping\.m2\repository\com\relevantcodes\extentreports\2.41.1\extentreports-2.41.1.jar;C:\Users\qiujingping\.m2\repository\org\jsoup\jsoup\1.8.3\jsoup-1.8.3.jar;C:\Users\qiujingping\.m2\repository\org\xerial\sqlite-jdbc\3.8.11.1\sqlite-jdbc-3.8.11.1.jar;C:\Users\qiujingping\.m2\repository\org\freemarker\freemarker\2.3.23\freemarker-2.3.23.jar;C:\Users\qiujingping\.m2\repository\org\mongodb\mongodb-driver\3.0.4\mongodb-driver-3.0.4.jar;C:\Users\qiujingping\.m2\repository\org\mongodb\bson\3.0.4\bson-3.0.4.jar;C:\Users\qiujingping\.m2\repository\org\mongodb\mongodb-driver-core\3.0.4\mongodb-driver-core-3.0.4.jar;C:\Users\qiujingping\.m2\repository\com\vimalselvam\testng-extentsreport\1.3.1\testng-extentsreport-1.3.1.jar;C:\Users\qiujingping\.m2\repository\com\google\guava\guava\20.0\guava-20.0.jar;C:\Users\qiujingping\.m2\repository\com\aventstack\extentreports\3.0.7\extentreports-3.0.7.jar;C:\Users\qiujingping\.m2\repository\org\apache\httpcomponents\httpclient\4.5.2\httpclient-4.5.2.jar;C:\Users\qiujingping\.m2\repository\org\apache\httpcomponents\httpcore\4.4.4\httpcore-4.4.4.jar;C:\Users\qiujingping\.m2\repository\commons-logging\commons-logging\1.2\commons-logging-1.2.jar;C:\Users\qiujingping\.m2\repository\commons-codec\commons-codec\1.9\commons-codec-1.9.jar;C:\Users\qiujingping\.m2\repository\org\apache\httpcomponents\httpmime\4.5.2\httpmime-4.5.2.jar;C:\Users\qiujingping\.m2\repository\com\google\code\gson\gson\2.8.0\gson-2.8.0.jar;"/>
    <property name="java.vm.vendor" value="Oracle Corporation"/>
    <property name="sun.arch.data.model" value="64"/>
    <property name="user.variant" value=""/>
    <property name="java.vendor.url" value="http://java.oracle.com/"/>
    <property name="user.timezone" value="Asia/Shanghai"/>
    <property name="java.vm.specification.version" value="1.8"/>
    <property name="os.name" value="Windows 10"/>
    <property name="user.country" value="CN"/>
    <property name="sun.java.launcher" value="SUN_STANDARD"/>
    <property name="sun.boot.library.path" value="C:\Program Files\Java\jdk1.8.0_211\jre\bin"/>
    <property name="sun.java.command" value="C:\Users\qiujingping\AppData\Local\Temp\surefire401818820343986679\surefirebooter299266697121919532.jar C:\Users\qiujingping\AppData\Local\Temp\surefire401818820343986679 2020-01-16T19-20-55_840-jvmRun1 surefire9156859302698491682tmp surefire_09140790377268294503tmp"/>
    <property name="surefire.test.class.path" value="E:\test (1)\APITEST\target\test-classes;E:\test (1)\APITEST\target\classes;C:\Users\qiujingping\.m2\repository\com\squareup\okhttp3\okhttp\3.10.0\okhttp-3.10.0.jar;C:\Users\qiujingping\.m2\repository\com\squareup\okio\okio\1.14.0\okio-1.14.0.jar;C:\Users\qiujingping\.m2\repository\org\json\json\20180813\json-20180813.jar;C:\Users\qiujingping\.m2\repository\com\jayway\jsonpath\json-path\2.4.0\json-path-2.4.0.jar;C:\Users\qiujingping\.m2\repository\net\minidev\json-smart\2.3\json-smart-2.3.jar;C:\Users\qiujingping\.m2\repository\net\minidev\accessors-smart\1.2\accessors-smart-1.2.jar;C:\Users\qiujingping\.m2\repository\org\ow2\asm\asm\5.0.4\asm-5.0.4.jar;C:\Users\qiujingping\.m2\repository\org\slf4j\slf4j-api\1.7.25\slf4j-api-1.7.25.jar;C:\Users\qiujingping\.m2\repository\org\testng\testng\6.8\testng-6.8.jar;C:\Users\qiujingping\.m2\repository\junit\junit\4.10\junit-4.10.jar;C:\Users\qiujingping\.m2\repository\org\hamcrest\hamcrest-core\1.1\hamcrest-core-1.1.jar;C:\Users\qiujingping\.m2\repository\org\beanshell\bsh\2.0b4\bsh-2.0b4.jar;C:\Users\qiujingping\.m2\repository\com\beust\jcommander\1.27\jcommander-1.27.jar;C:\Users\qiujingping\.m2\repository\org\yaml\snakeyaml\1.6\snakeyaml-1.6.jar;C:\Users\qiujingping\.m2\repository\org\mybatis\mybatis\3.4.4\mybatis-3.4.4.jar;C:\Users\qiujingping\.m2\repository\mysql\mysql-connector-java\6.0.5\mysql-connector-java-6.0.5.jar;C:\Users\qiujingping\.m2\repository\org\projectlombok\lombok\1.16.16\lombok-1.16.16.jar;C:\Users\qiujingping\.m2\repository\com\relevantcodes\extentreports\2.41.1\extentreports-2.41.1.jar;C:\Users\qiujingping\.m2\repository\org\jsoup\jsoup\1.8.3\jsoup-1.8.3.jar;C:\Users\qiujingping\.m2\repository\org\xerial\sqlite-jdbc\3.8.11.1\sqlite-jdbc-3.8.11.1.jar;C:\Users\qiujingping\.m2\repository\org\freemarker\freemarker\2.3.23\freemarker-2.3.23.jar;C:\Users\qiujingping\.m2\repository\org\mongodb\mongodb-driver\3.0.4\mongodb-driver-3.0.4.jar;C:\Users\qiujingping\.m2\repository\org\mongodb\bson\3.0.4\bson-3.0.4.jar;C:\Users\qiujingping\.m2\repository\org\mongodb\mongodb-driver-core\3.0.4\mongodb-driver-core-3.0.4.jar;C:\Users\qiujingping\.m2\repository\com\vimalselvam\testng-extentsreport\1.3.1\testng-extentsreport-1.3.1.jar;C:\Users\qiujingping\.m2\repository\com\google\guava\guava\20.0\guava-20.0.jar;C:\Users\qiujingping\.m2\repository\com\aventstack\extentreports\3.0.7\extentreports-3.0.7.jar;C:\Users\qiujingping\.m2\repository\org\apache\httpcomponents\httpclient\4.5.2\httpclient-4.5.2.jar;C:\Users\qiujingping\.m2\repository\org\apache\httpcomponents\httpcore\4.4.4\httpcore-4.4.4.jar;C:\Users\qiujingping\.m2\repository\commons-logging\commons-logging\1.2\commons-logging-1.2.jar;C:\Users\qiujingping\.m2\repository\commons-codec\commons-codec\1.9\commons-codec-1.9.jar;C:\Users\qiujingping\.m2\repository\org\apache\httpcomponents\httpmime\4.5.2\httpmime-4.5.2.jar;C:\Users\qiujingping\.m2\repository\com\google\code\gson\gson\2.8.0\gson-2.8.0.jar;"/>
    <property name="sun.cpu.endian" value="little"/>
    <property name="user.home" value="C:\Users\qiujingping"/>
    <property name="user.language" value="zh"/>
    <property name="java.specification.vendor" value="Oracle Corporation"/>
    <property name="java.home" value="C:\Program Files\Java\jdk1.8.0_211\jre"/>
    <property name="basedir" value="E:\test (1)\APITEST"/>
    <property name="file.separator" value="\"/>
    <property name="line.separator" value="&#10;"/>
    <property name="java.vm.specification.vendor" value="Oracle Corporation"/>
    <property name="java.specification.name" value="Java Platform API Specification"/>
    <property name="java.awt.graphicsenv" value="sun.awt.Win32GraphicsEnvironment"/>
    <property name="surefire.real.class.path" value="C:\Users\qiujingping\AppData\Local\Temp\surefire401818820343986679\surefirebooter299266697121919532.jar"/>
    <property name="sun.boot.class.path" value="C:\Program Files\Java\jdk1.8.0_211\jre\lib\resources.jar;C:\Program Files\Java\jdk1.8.0_211\jre\lib\rt.jar;C:\Program Files\Java\jdk1.8.0_211\jre\lib\sunrsasign.jar;C:\Program Files\Java\jdk1.8.0_211\jre\lib\jsse.jar;C:\Program Files\Java\jdk1.8.0_211\jre\lib\jce.jar;C:\Program Files\Java\jdk1.8.0_211\jre\lib\charsets.jar;C:\Program Files\Java\jdk1.8.0_211\jre\lib\jfr.jar;C:\Program Files\Java\jdk1.8.0_211\jre\classes"/>
    <property name="user.script" value=""/>
    <property name="sun.management.compiler" value="HotSpot 64-Bit Tiered Compilers"/>
    <property name="java.runtime.version" value="1.8.0_211-b12"/>
    <property name="user.name" value="qiujingping"/>
    <property name="path.separator" value=";"/>
    <property name="os.version" value="10.0"/>
    <property name="java.endorsed.dirs" value="C:\Program Files\Java\jdk1.8.0_211\jre\lib\endorsed"/>
    <property name="java.runtime.name" value="Java(TM) SE Runtime Environment"/>
    <property name="file.encoding" value="GBK"/>
    <property name="java.vm.name" value="Java HotSpot(TM) 64-Bit Server VM"/>
    <property name="localRepository" value="C:\Users\qiujingping\.m2\repository"/>
    <property name="java.vendor.url.bug" value="http://bugreport.sun.com/bugreport/"/>
    <property name="java.io.tmpdir" value="C:\Users\QIUJIN~1\AppData\Local\Temp\"/>
    <property name="java.version" value="1.8.0_211"/>
    <property name="user.dir" value="E:\test (1)\APITEST"/>
    <property name="os.arch" value="amd64"/>
    <property name="java.vm.specification.name" value="Java Virtual Machine Specification"/>
    <property name="java.awt.printerjob" value="sun.awt.windows.WPrinterJob"/>
    <property name="sun.os.patch.level" value=""/>
    <property name="java.library.path" value="C:\Program Files\Java\jdk1.8.0_211\jre\bin;C:\Windows\Sun\Java\bin;C:\Windows\system32;C:\Windows;D:\Program Files (x86)\Python37-32\Scripts\;D:\Program Files (x86)\Python37-32\;C:\Program Files (x86)\Common Files\Oracle\Java\javapath;C:\Program Files (x86)\Intel\Intel(R) Management Engine Components\iCLS\;C:\Program Files\Intel\Intel(R) Management Engine Components\iCLS\;C:\Windows\system32;C:\Windows;C:\Windows\System32\Wbem;C:\Windows\System32\WindowsPowerShell\v1.0\;C:\Program Files (x86)\Intel\Intel(R) Management Engine Components\DAL;C:\Program Files\Intel\Intel(R) Management Engine Components\DAL;C:\Program Files (x86)\Intel\Intel(R) Management Engine Components\IPT;C:\Program Files\Intel\Intel(R) Management Engine Components\IPT;C:\Windows\System32\OpenSSH\;C:\Program Files\Java\jdk1.8.0_211\bin;C:\Users\qiujingping\Desktop\apache-jmeter-5.1.1\bin;C:\Users\qiujingping\Desktop\apache-maven-3.6.1-bin\apache-maven-3.6.1\bin;C:\Program Files\Git\cmd;C:\Program Files\MySQL\MySQL Utilities 1.6\;C:\Program Files\MySQL\MySQL Server 5.7\bin;C:\Users\qiujingping\Desktop\android-sdk-windows\platform-tools;C:\Users\qiujingping\Desktop\android-sdk-windows\tools;C:\Users\qiujingping\Desktop\apache-ant-1.10.6\bin;C:\Program Files\nodejs\;%ERLANG_HOME%\bin;C:\Program Files\RabbitMQ Server\rabbitmq_server-3.7.23\sbin;C:\Users\qiujingping\AppData\Local\Microsoft\WindowsApps;C:\Users\qiujingping\AppData\Local\Programs\Fiddler;C:\Users\qiujingping\AppData\Local\Programs\Microsoft VS Code\bin;C:\Users\qiujingping\AppData\Roaming\npm;C:\Users\qiujingping\AppData\Local\BypassRuntm;."/>
    <property name="java.vm.info" value="mixed mode"/>
    <property name="java.vendor" value="Oracle Corporation"/>
    <property name="java.vm.version" value="25.211-b12"/>
    <property name="java.ext.dirs" value="C:\Program Files\Java\jdk1.8.0_211\jre\lib\ext;C:\Windows\Sun\Java\lib\ext"/>
    <property name="sun.io.unicode.encoding" value="UnicodeLittle"/>
    <property name="java.class.version" value="52.0"/>
  </properties>
  <testcase name="test" classname="TestCase" time="0.007">
    <failure type="java.lang.NullPointerException">java.lang.NullPointerException
	at TestCase.replaceVariableParemeters(TestCase.java:158)
	at TestCase.test(TestCase.java:58)
</failure>
    <system-out><![CDATA[SELECT * FROM testcase
]]></system-out>
    <system-err><![CDATA[Thu Jan 16 19:20:59 CST 2020 WARN: Establishing SSL connection without server's identity verification is not recommended. According to MySQL 5.5.45+, 5.6.26+ and 5.7.6+ requirements SSL connection must be established by default if explicit option isn't set. For compliance with existing applications not using SSL the verifyServerCertificate property is set to 'false'. You need either to explicitly disable SSL by setting useSSL=false, or set useSSL=true and provide truststore for server certificate verification.
]]></system-err>
  </testcase>
  <testcase name="test" classname="TestCase" time="0">
    <failure type="java.lang.NullPointerException">java.lang.NullPointerException
	at TestCase.test(TestCase.java:61)
</failure>
  </testcase>
</testsuite>